State 0:
          program ::= * stmt
          nameList ::= * NAME COMMA NAME
          nameList ::= * nameList COMMA NAME
          expr ::= * NUMBER
          expr ::= * NAME
          expr ::= * expr PLUS expr
          expr ::= * expr MINUS expr
          expr ::= * expr MULTIPLY expr
          expr ::= * expr DIVIDE expr
          expr ::= * expr MOD expr
          expr ::= * expr LSHIFT expr
          expr ::= * expr RSHIFT expr
          expr ::= * expr BITAND expr
          expr ::= * expr BITOR expr
          expr ::= * expr BITXOR expr
          expr ::= * PLUS expr
          expr ::= * MINUS expr
          expr ::= * BITNOT expr
          stmt_assignSingle ::= * NAME ASSIGN expr SEMICOLON
          stmt_assignMulti ::= * nameList ASSIGN exprList SEMICOLON
          block ::= * LBRACKET stmtList RBRACKET
          block ::= * LBRACKET error RBRACKET
          if_start ::= * IF
          if_header ::= * if_start LPAREN lexpr RPAREN
          if_stmt ::= * if_header stmt
          else_header ::= * if_header stmt ELSE
          if_stmt ::= * else_header stmt
          stmt ::= * error SEMICOLON
          stmt ::= * expr SEMICOLON
          stmt ::= * stmt_assignMulti
          stmt ::= * stmt_assignSingle
          stmt ::= * if_stmt
          stmt ::= * block

                          PLUS shift  24
                         MINUS shift  25
                          NAME shift  51
                        NUMBER shift  81
                        BITNOT shift  26
                      LBRACKET shift  1
                            IF shift  88
                         error shift  61
                       program accept
                          stmt shift  60
                      nameList shift  53
                          expr shift  34
             stmt_assignSingle shift  86
              stmt_assignMulti shift  85
                         block shift  72
                      if_start shift  58
                     if_header shift  4
                       if_stmt shift  87
                   else_header shift  3

State 1:
          nameList ::= * NAME COMMA NAME
          nameList ::= * nameList COMMA NAME
          expr ::= * NUMBER
          expr ::= * NAME
          expr ::= * expr PLUS expr
          expr ::= * expr MINUS expr
          expr ::= * expr MULTIPLY expr
          expr ::= * expr DIVIDE expr
          expr ::= * expr MOD expr
          expr ::= * expr LSHIFT expr
          expr ::= * expr RSHIFT expr
          expr ::= * expr BITAND expr
          expr ::= * expr BITOR expr
          expr ::= * expr BITXOR expr
          expr ::= * PLUS expr
          expr ::= * MINUS expr
          expr ::= * BITNOT expr
          stmt_assignSingle ::= * NAME ASSIGN expr SEMICOLON
          stmt_assignMulti ::= * nameList ASSIGN exprList SEMICOLON
          stmtList ::= * stmt
          stmtList ::= * stmtList stmt
          block ::= * LBRACKET stmtList RBRACKET
          block ::= LBRACKET * stmtList RBRACKET
          block ::= * LBRACKET error RBRACKET
          block ::= LBRACKET * error RBRACKET
          if_start ::= * IF
          if_header ::= * if_start LPAREN lexpr RPAREN
          if_stmt ::= * if_header stmt
          else_header ::= * if_header stmt ELSE
          if_stmt ::= * else_header stmt
          stmt ::= * error SEMICOLON
          stmt ::= * expr SEMICOLON
          stmt ::= * stmt_assignMulti
          stmt ::= * stmt_assignSingle
          stmt ::= * if_stmt
          stmt ::= * block

                          PLUS shift  24
                         MINUS shift  25
                          NAME shift  51
                        NUMBER shift  81
                        BITNOT shift  26
                      LBRACKET shift  1
                            IF shift  88
                         error shift  52
                          stmt shift  90
                      nameList shift  53
                          expr shift  34
             stmt_assignSingle shift  86
              stmt_assignMulti shift  85
                      stmtList shift  2
                         block shift  72
                      if_start shift  58
                     if_header shift  4
                       if_stmt shift  87
                   else_header shift  3

State 2:
          nameList ::= * NAME COMMA NAME
          nameList ::= * nameList COMMA NAME
          expr ::= * NUMBER
          expr ::= * NAME
          expr ::= * expr PLUS expr
          expr ::= * expr MINUS expr
          expr ::= * expr MULTIPLY expr
          expr ::= * expr DIVIDE expr
          expr ::= * expr MOD expr
          expr ::= * expr LSHIFT expr
          expr ::= * expr RSHIFT expr
          expr ::= * expr BITAND expr
          expr ::= * expr BITOR expr
          expr ::= * expr BITXOR expr
          expr ::= * PLUS expr
          expr ::= * MINUS expr
          expr ::= * BITNOT expr
          stmt_assignSingle ::= * NAME ASSIGN expr SEMICOLON
          stmt_assignMulti ::= * nameList ASSIGN exprList SEMICOLON
          stmtList ::= stmtList * stmt
          block ::= * LBRACKET stmtList RBRACKET
          block ::= LBRACKET stmtList * RBRACKET
          block ::= * LBRACKET error RBRACKET
          if_start ::= * IF
          if_header ::= * if_start LPAREN lexpr RPAREN
          if_stmt ::= * if_header stmt
          else_header ::= * if_header stmt ELSE
          if_stmt ::= * else_header stmt
          stmt ::= * error SEMICOLON
          stmt ::= * expr SEMICOLON
          stmt ::= * stmt_assignMulti
          stmt ::= * stmt_assignSingle
          stmt ::= * if_stmt
          stmt ::= * block

                          PLUS shift  24
                         MINUS shift  25
                          NAME shift  51
                        NUMBER shift  81
                        BITNOT shift  26
                      LBRACKET shift  1
                      RBRACKET shift  89
                            IF shift  88
                         error shift  61
                          stmt shift  62
                      nameList shift  53
                          expr shift  34
             stmt_assignSingle shift  86
              stmt_assignMulti shift  85
                         block shift  72
                      if_start shift  58
                     if_header shift  4
                       if_stmt shift  87
                   else_header shift  3

State 3:
          nameList ::= * NAME COMMA NAME
          nameList ::= * nameList COMMA NAME
          expr ::= * NUMBER
          expr ::= * NAME
          expr ::= * expr PLUS expr
          expr ::= * expr MINUS expr
          expr ::= * expr MULTIPLY expr
          expr ::= * expr DIVIDE expr
          expr ::= * expr MOD expr
          expr ::= * expr LSHIFT expr
          expr ::= * expr RSHIFT expr
          expr ::= * expr BITAND expr
          expr ::= * expr BITOR expr
          expr ::= * expr BITXOR expr
          expr ::= * PLUS expr
          expr ::= * MINUS expr
          expr ::= * BITNOT expr
          stmt_assignSingle ::= * NAME ASSIGN expr SEMICOLON
          stmt_assignMulti ::= * nameList ASSIGN exprList SEMICOLON
          block ::= * LBRACKET stmtList RBRACKET
          block ::= * LBRACKET error RBRACKET
          if_start ::= * IF
          if_header ::= * if_start LPAREN lexpr RPAREN
          if_stmt ::= * if_header stmt
          else_header ::= * if_header stmt ELSE
          if_stmt ::= * else_header stmt
          if_stmt ::= else_header * stmt
          stmt ::= * error SEMICOLON
          stmt ::= * expr SEMICOLON
          stmt ::= * stmt_assignMulti
          stmt ::= * stmt_assignSingle
          stmt ::= * if_stmt
          stmt ::= * block

                          PLUS shift  24
                         MINUS shift  25
                          NAME shift  51
                        NUMBER shift  81
                        BITNOT shift  26
                      LBRACKET shift  1
                            IF shift  88
                         error shift  61
                          stmt shift  82
                      nameList shift  53
                          expr shift  34
             stmt_assignSingle shift  86
              stmt_assignMulti shift  85
                         block shift  72
                      if_start shift  58
                     if_header shift  4
                       if_stmt shift  87
                   else_header shift  3

State 4:
          nameList ::= * NAME COMMA NAME
          nameList ::= * nameList COMMA NAME
          expr ::= * NUMBER
          expr ::= * NAME
          expr ::= * expr PLUS expr
          expr ::= * expr MINUS expr
          expr ::= * expr MULTIPLY expr
          expr ::= * expr DIVIDE expr
          expr ::= * expr MOD expr
          expr ::= * expr LSHIFT expr
          expr ::= * expr RSHIFT expr
          expr ::= * expr BITAND expr
          expr ::= * expr BITOR expr
          expr ::= * expr BITXOR expr
          expr ::= * PLUS expr
          expr ::= * MINUS expr
          expr ::= * BITNOT expr
          stmt_assignSingle ::= * NAME ASSIGN expr SEMICOLON
          stmt_assignMulti ::= * nameList ASSIGN exprList SEMICOLON
          block ::= * LBRACKET stmtList RBRACKET
          block ::= * LBRACKET error RBRACKET
          if_start ::= * IF
          if_header ::= * if_start LPAREN lexpr RPAREN
          if_stmt ::= * if_header stmt
          if_stmt ::= if_header * stmt
          else_header ::= * if_header stmt ELSE
          else_header ::= if_header * stmt ELSE
          if_stmt ::= * else_header stmt
          stmt ::= * error SEMICOLON
          stmt ::= * expr SEMICOLON
          stmt ::= * stmt_assignMulti
          stmt ::= * stmt_assignSingle
          stmt ::= * if_stmt
          stmt ::= * block

                          PLUS shift  24
                         MINUS shift  25
                          NAME shift  51
                        NUMBER shift  81
                        BITNOT shift  26
                      LBRACKET shift  1
                            IF shift  88
                         error shift  61
                          stmt shift  55
                      nameList shift  53
                          expr shift  34
             stmt_assignSingle shift  86
              stmt_assignMulti shift  85
                         block shift  72
                      if_start shift  58
                     if_header shift  4
                       if_stmt shift  87
                   else_header shift  3

State 5:
          expr ::= * NUMBER
          expr ::= * NAME
          expr ::= * expr PLUS expr
          expr ::= * expr MINUS expr
          expr ::= * expr MULTIPLY expr
          expr ::= * expr DIVIDE expr
          expr ::= * expr MOD expr
          expr ::= * expr LSHIFT expr
          expr ::= * expr RSHIFT expr
          expr ::= * expr BITAND expr
          expr ::= * expr BITOR expr
          expr ::= * expr BITXOR expr
          expr ::= * PLUS expr
          expr ::= * MINUS expr
          expr ::= * BITNOT expr
          lexpr ::= * expr EQ expr
          lexpr ::= * expr NE expr
          lexpr ::= * expr LE expr
          lexpr ::= * expr LT expr
          lexpr ::= * expr GE expr
          lexpr ::= * expr GT expr
          lexpr ::= * lexpr LAND lexpr
          lexpr ::= * lexpr LOR lexpr
          lexpr ::= * LNOT lexpr
          lexpr ::= LNOT * lexpr
          lexpr ::= * LNOT LNOT lexpr
          lexpr ::= LNOT * LNOT lexpr

                          LNOT shift  9
                          PLUS shift  24
                         MINUS shift  25
                          NAME shift  78
                        NUMBER shift  81
                        BITNOT shift  26
                          expr shift  32
                         lexpr shift  74

State 6:
          expr ::= * NUMBER
          expr ::= * NAME
          expr ::= * expr PLUS expr
          expr ::= * expr MINUS expr
          expr ::= * expr MULTIPLY expr
          expr ::= * expr DIVIDE expr
          expr ::= * expr MOD expr
          expr ::= * expr LSHIFT expr
          expr ::= * expr RSHIFT expr
          expr ::= * expr BITAND expr
          expr ::= * expr BITOR expr
          expr ::= * expr BITXOR expr
          expr ::= * PLUS expr
          expr ::= * MINUS expr
          expr ::= * BITNOT expr
          lexpr ::= * expr EQ expr
          lexpr ::= * expr NE expr
          lexpr ::= * expr LE expr
          lexpr ::= * expr LT expr
          lexpr ::= * expr GE expr
          lexpr ::= * expr GT expr
          lexpr ::= * lexpr LAND lexpr
          lexpr ::= lexpr LAND * lexpr
          lexpr ::= * lexpr LOR lexpr
          lexpr ::= * LNOT lexpr
          lexpr ::= * LNOT LNOT lexpr

                          LNOT shift  5
                          PLUS shift  24
                         MINUS shift  25
                          NAME shift  78
                        NUMBER shift  81
                        BITNOT shift  26
                          expr shift  32
                         lexpr shift  70

State 7:
          expr ::= * NUMBER
          expr ::= * NAME
          expr ::= * expr PLUS expr
          expr ::= * expr MINUS expr
          expr ::= * expr MULTIPLY expr
          expr ::= * expr DIVIDE expr
          expr ::= * expr MOD expr
          expr ::= * expr LSHIFT expr
          expr ::= * expr RSHIFT expr
          expr ::= * expr BITAND expr
          expr ::= * expr BITOR expr
          expr ::= * expr BITXOR expr
          expr ::= * PLUS expr
          expr ::= * MINUS expr
          expr ::= * BITNOT expr
          lexpr ::= * expr EQ expr
          lexpr ::= * expr NE expr
          lexpr ::= * expr LE expr
          lexpr ::= * expr LT expr
          lexpr ::= * expr GE expr
          lexpr ::= * expr GT expr
          lexpr ::= * lexpr LAND lexpr
          lexpr ::= * lexpr LOR lexpr
          lexpr ::= lexpr LOR * lexpr
          lexpr ::= * LNOT lexpr
          lexpr ::= * LNOT LNOT lexpr

                          LNOT shift  5
                          PLUS shift  24
                         MINUS shift  25
                          NAME shift  78
                        NUMBER shift  81
                        BITNOT shift  26
                          expr shift  32
                         lexpr shift  59

State 8:
          expr ::= * NUMBER
          expr ::= * NAME
          expr ::= * expr PLUS expr
          expr ::= * expr MINUS expr
          expr ::= * expr MULTIPLY expr
          expr ::= * expr DIVIDE expr
          expr ::= * expr MOD expr
          expr ::= * expr LSHIFT expr
          expr ::= * expr RSHIFT expr
          expr ::= * expr BITAND expr
          expr ::= * expr BITOR expr
          expr ::= * expr BITXOR expr
          expr ::= * PLUS expr
          expr ::= * MINUS expr
          expr ::= * BITNOT expr
          lexpr ::= * expr EQ expr
          lexpr ::= * expr NE expr
          lexpr ::= * expr LE expr
          lexpr ::= * expr LT expr
          lexpr ::= * expr GE expr
          lexpr ::= * expr GT expr
          lexpr ::= * lexpr LAND lexpr
          lexpr ::= * lexpr LOR lexpr
          lexpr ::= * LNOT lexpr
          lexpr ::= * LNOT LNOT lexpr
          if_header ::= if_start LPAREN * lexpr RPAREN

                          LNOT shift  5
                          PLUS shift  24
                         MINUS shift  25
                          NAME shift  78
                        NUMBER shift  81
                        BITNOT shift  26
                          expr shift  32
                         lexpr shift  48

State 9:
          expr ::= * NUMBER
          expr ::= * NAME
          expr ::= * expr PLUS expr
          expr ::= * expr MINUS expr
          expr ::= * expr MULTIPLY expr
          expr ::= * expr DIVIDE expr
          expr ::= * expr MOD expr
          expr ::= * expr LSHIFT expr
          expr ::= * expr RSHIFT expr
          expr ::= * expr BITAND expr
          expr ::= * expr BITOR expr
          expr ::= * expr BITXOR expr
          expr ::= * PLUS expr
          expr ::= * MINUS expr
          expr ::= * BITNOT expr
          lexpr ::= * expr EQ expr
          lexpr ::= * expr NE expr
          lexpr ::= * expr LE expr
          lexpr ::= * expr LT expr
          lexpr ::= * expr GE expr
          lexpr ::= * expr GT expr
          lexpr ::= * lexpr LAND lexpr
          lexpr ::= * lexpr LOR lexpr
          lexpr ::= * LNOT lexpr
          lexpr ::= LNOT * lexpr
          lexpr ::= * LNOT LNOT lexpr
          lexpr ::= LNOT * LNOT lexpr
          lexpr ::= LNOT LNOT * lexpr

                          LNOT shift  9
                          PLUS shift  24
                         MINUS shift  25
                          NAME shift  78
                        NUMBER shift  81
                        BITNOT shift  26
                          expr shift  32
                         lexpr shift  76

State 10:
          exprList ::= * expr
          exprList ::= * exprList COMMA expr
          expr ::= * NUMBER
          expr ::= * NAME
          expr ::= * expr PLUS expr
          expr ::= * expr MINUS expr
          expr ::= * expr MULTIPLY expr
          expr ::= * expr DIVIDE expr
          expr ::= * expr MOD expr
          expr ::= * expr LSHIFT expr
          expr ::= * expr RSHIFT expr
          expr ::= * expr BITAND expr
          expr ::= * expr BITOR expr
          expr ::= * expr BITXOR expr
          expr ::= * PLUS expr
          expr ::= * MINUS expr
          expr ::= * BITNOT expr
          stmt_assignMulti ::= nameList ASSIGN * exprList SEMICOLON

                          PLUS shift  24
                         MINUS shift  25
                          NAME shift  78
                        NUMBER shift  81
                        BITNOT shift  26
                      exprList shift  54
                          expr shift  36

State 11:
          expr ::= * NUMBER
          expr ::= * NAME
          expr ::= * expr PLUS expr
          expr ::= * expr MINUS expr
          expr ::= * expr MULTIPLY expr
          expr ::= expr MULTIPLY * expr
          expr ::= * expr DIVIDE expr
          expr ::= * expr MOD expr
          expr ::= * expr LSHIFT expr
          expr ::= * expr RSHIFT expr
          expr ::= * expr BITAND expr
          expr ::= * expr BITOR expr
          expr ::= * expr BITXOR expr
          expr ::= * PLUS expr
          expr ::= * MINUS expr
          expr ::= * BITNOT expr

                          PLUS shift  24
                         MINUS shift  25
                          NAME shift  78
                        NUMBER shift  81
                        BITNOT shift  26
                          expr shift  75

State 12:
          expr ::= * NUMBER
          expr ::= * NAME
          expr ::= * expr PLUS expr
          expr ::= * expr MINUS expr
          expr ::= * expr MULTIPLY expr
          expr ::= * expr DIVIDE expr
          expr ::= * expr MOD expr
          expr ::= * expr LSHIFT expr
          expr ::= * expr RSHIFT expr
          expr ::= * expr BITAND expr
          expr ::= * expr BITOR expr
          expr ::= * expr BITXOR expr
          expr ::= * PLUS expr
          expr ::= * MINUS expr
          expr ::= * BITNOT expr
          lexpr ::= expr EQ * expr

                          PLUS shift  24
                         MINUS shift  25
                          NAME shift  78
                        NUMBER shift  81
                        BITNOT shift  26
                          expr shift  40

State 13:
          expr ::= * NUMBER
          expr ::= * NAME
          expr ::= * expr PLUS expr
          expr ::= * expr MINUS expr
          expr ::= * expr MULTIPLY expr
          expr ::= * expr DIVIDE expr
          expr ::= * expr MOD expr
          expr ::= * expr LSHIFT expr
          expr ::= * expr RSHIFT expr
          expr ::= * expr BITAND expr
          expr ::= * expr BITOR expr
          expr ::= * expr BITXOR expr
          expr ::= * PLUS expr
          expr ::= * MINUS expr
          expr ::= * BITNOT expr
          lexpr ::= expr NE * expr

                          PLUS shift  24
                         MINUS shift  25
                          NAME shift  78
                        NUMBER shift  81
                        BITNOT shift  26
                          expr shift  42

State 14:
          expr ::= * NUMBER
          expr ::= * NAME
          expr ::= * expr PLUS expr
          expr ::= * expr MINUS expr
          expr ::= * expr MULTIPLY expr
          expr ::= * expr DIVIDE expr
          expr ::= * expr MOD expr
          expr ::= * expr LSHIFT expr
          expr ::= * expr RSHIFT expr
          expr ::= * expr BITAND expr
          expr ::= * expr BITOR expr
          expr ::= * expr BITXOR expr
          expr ::= * PLUS expr
          expr ::= * MINUS expr
          expr ::= * BITNOT expr
          stmt_assignSingle ::= NAME ASSIGN * expr SEMICOLON

                          PLUS shift  24
                         MINUS shift  25
                          NAME shift  78
                        NUMBER shift  81
                        BITNOT shift  26
                          expr shift  33

State 15:
          expr ::= * NUMBER
          expr ::= * NAME
          expr ::= * expr PLUS expr
          expr ::= expr PLUS * expr
          expr ::= * expr MINUS expr
          expr ::= * expr MULTIPLY expr
          expr ::= * expr DIVIDE expr
          expr ::= * expr MOD expr
          expr ::= * expr LSHIFT expr
          expr ::= * expr RSHIFT expr
          expr ::= * expr BITAND expr
          expr ::= * expr BITOR expr
          expr ::= * expr BITXOR expr
          expr ::= * PLUS expr
          expr ::= * MINUS expr
          expr ::= * BITNOT expr

                          PLUS shift  24
                         MINUS shift  25
                          NAME shift  78
                        NUMBER shift  81
                        BITNOT shift  26
                          expr shift  50

State 16:
          expr ::= * NUMBER
          expr ::= * NAME
          expr ::= * expr PLUS expr
          expr ::= * expr MINUS expr
          expr ::= expr MINUS * expr
          expr ::= * expr MULTIPLY expr
          expr ::= * expr DIVIDE expr
          expr ::= * expr MOD expr
          expr ::= * expr LSHIFT expr
          expr ::= * expr RSHIFT expr
          expr ::= * expr BITAND expr
          expr ::= * expr BITOR expr
          expr ::= * expr BITXOR expr
          expr ::= * PLUS expr
          expr ::= * MINUS expr
          expr ::= * BITNOT expr

                          PLUS shift  24
                         MINUS shift  25
                          NAME shift  78
                        NUMBER shift  81
                        BITNOT shift  26
                          expr shift  49

State 17:
          expr ::= * NUMBER
          expr ::= * NAME
          expr ::= * expr PLUS expr
          expr ::= * expr MINUS expr
          expr ::= * expr MULTIPLY expr
          expr ::= * expr DIVIDE expr
          expr ::= expr DIVIDE * expr
          expr ::= * expr MOD expr
          expr ::= * expr LSHIFT expr
          expr ::= * expr RSHIFT expr
          expr ::= * expr BITAND expr
          expr ::= * expr BITOR expr
          expr ::= * expr BITXOR expr
          expr ::= * PLUS expr
          expr ::= * MINUS expr
          expr ::= * BITNOT expr

                          PLUS shift  24
                         MINUS shift  25
                          NAME shift  78
                        NUMBER shift  81
                        BITNOT shift  26
                          expr shift  73

State 18:
          expr ::= * NUMBER
          expr ::= * NAME
          expr ::= * expr PLUS expr
          expr ::= * expr MINUS expr
          expr ::= * expr MULTIPLY expr
          expr ::= * expr DIVIDE expr
          expr ::= * expr MOD expr
          expr ::= expr MOD * expr
          expr ::= * expr LSHIFT expr
          expr ::= * expr RSHIFT expr
          expr ::= * expr BITAND expr
          expr ::= * expr BITOR expr
          expr ::= * expr BITXOR expr
          expr ::= * PLUS expr
          expr ::= * MINUS expr
          expr ::= * BITNOT expr

                          PLUS shift  24
                         MINUS shift  25
                          NAME shift  78
                        NUMBER shift  81
                        BITNOT shift  26
                          expr shift  71

State 19:
          expr ::= * NUMBER
          expr ::= * NAME
          expr ::= * expr PLUS expr
          expr ::= * expr MINUS expr
          expr ::= * expr MULTIPLY expr
          expr ::= * expr DIVIDE expr
          expr ::= * expr MOD expr
          expr ::= * expr LSHIFT expr
          expr ::= expr LSHIFT * expr
          expr ::= * expr RSHIFT expr
          expr ::= * expr BITAND expr
          expr ::= * expr BITOR expr
          expr ::= * expr BITXOR expr
          expr ::= * PLUS expr
          expr ::= * MINUS expr
          expr ::= * BITNOT expr

                          PLUS shift  24
                         MINUS shift  25
                          NAME shift  78
                        NUMBER shift  81
                        BITNOT shift  26
                          expr shift  46

State 20:
          expr ::= * NUMBER
          expr ::= * NAME
          expr ::= * expr PLUS expr
          expr ::= * expr MINUS expr
          expr ::= * expr MULTIPLY expr
          expr ::= * expr DIVIDE expr
          expr ::= * expr MOD expr
          expr ::= * expr LSHIFT expr
          expr ::= * expr RSHIFT expr
          expr ::= expr RSHIFT * expr
          expr ::= * expr BITAND expr
          expr ::= * expr BITOR expr
          expr ::= * expr BITXOR expr
          expr ::= * PLUS expr
          expr ::= * MINUS expr
          expr ::= * BITNOT expr

                          PLUS shift  24
                         MINUS shift  25
                          NAME shift  78
                        NUMBER shift  81
                        BITNOT shift  26
                          expr shift  47

State 21:
          expr ::= * NUMBER
          expr ::= * NAME
          expr ::= * expr PLUS expr
          expr ::= * expr MINUS expr
          expr ::= * expr MULTIPLY expr
          expr ::= * expr DIVIDE expr
          expr ::= * expr MOD expr
          expr ::= * expr LSHIFT expr
          expr ::= * expr RSHIFT expr
          expr ::= * expr BITAND expr
          expr ::= expr BITAND * expr
          expr ::= * expr BITOR expr
          expr ::= * expr BITXOR expr
          expr ::= * PLUS expr
          expr ::= * MINUS expr
          expr ::= * BITNOT expr

                          PLUS shift  24
                         MINUS shift  25
                          NAME shift  78
                        NUMBER shift  81
                        BITNOT shift  26
                          expr shift  45

State 22:
          expr ::= * NUMBER
          expr ::= * NAME
          expr ::= * expr PLUS expr
          expr ::= * expr MINUS expr
          expr ::= * expr MULTIPLY expr
          expr ::= * expr DIVIDE expr
          expr ::= * expr MOD expr
          expr ::= * expr LSHIFT expr
          expr ::= * expr RSHIFT expr
          expr ::= * expr BITAND expr
          expr ::= * expr BITOR expr
          expr ::= expr BITOR * expr
          expr ::= * expr BITXOR expr
          expr ::= * PLUS expr
          expr ::= * MINUS expr
          expr ::= * BITNOT expr

                          PLUS shift  24
                         MINUS shift  25
                          NAME shift  78
                        NUMBER shift  81
                        BITNOT shift  26
                          expr shift  43

State 23:
          expr ::= * NUMBER
          expr ::= * NAME
          expr ::= * expr PLUS expr
          expr ::= * expr MINUS expr
          expr ::= * expr MULTIPLY expr
          expr ::= * expr DIVIDE expr
          expr ::= * expr MOD expr
          expr ::= * expr LSHIFT expr
          expr ::= * expr RSHIFT expr
          expr ::= * expr BITAND expr
          expr ::= * expr BITOR expr
          expr ::= * expr BITXOR expr
          expr ::= expr BITXOR * expr
          expr ::= * PLUS expr
          expr ::= * MINUS expr
          expr ::= * BITNOT expr

                          PLUS shift  24
                         MINUS shift  25
                          NAME shift  78
                        NUMBER shift  81
                        BITNOT shift  26
                          expr shift  44

State 24:
          expr ::= * NUMBER
          expr ::= * NAME
          expr ::= * expr PLUS expr
          expr ::= * expr MINUS expr
          expr ::= * expr MULTIPLY expr
          expr ::= * expr DIVIDE expr
          expr ::= * expr MOD expr
          expr ::= * expr LSHIFT expr
          expr ::= * expr RSHIFT expr
          expr ::= * expr BITAND expr
          expr ::= * expr BITOR expr
          expr ::= * expr BITXOR expr
          expr ::= * PLUS expr
          expr ::= PLUS * expr
          expr ::= * MINUS expr
          expr ::= * BITNOT expr

                          PLUS shift  24
                         MINUS shift  25
                          NAME shift  78
                        NUMBER shift  81
                        BITNOT shift  26
                          expr shift  69

State 25:
          expr ::= * NUMBER
          expr ::= * NAME
          expr ::= * expr PLUS expr
          expr ::= * expr MINUS expr
          expr ::= * expr MULTIPLY expr
          expr ::= * expr DIVIDE expr
          expr ::= * expr MOD expr
          expr ::= * expr LSHIFT expr
          expr ::= * expr RSHIFT expr
          expr ::= * expr BITAND expr
          expr ::= * expr BITOR expr
          expr ::= * expr BITXOR expr
          expr ::= * PLUS expr
          expr ::= * MINUS expr
          expr ::= MINUS * expr
          expr ::= * BITNOT expr

                          PLUS shift  24
                         MINUS shift  25
                          NAME shift  78
                        NUMBER shift  81
                        BITNOT shift  26
                          expr shift  68

State 26:
          expr ::= * NUMBER
          expr ::= * NAME
          expr ::= * expr PLUS expr
          expr ::= * expr MINUS expr
          expr ::= * expr MULTIPLY expr
          expr ::= * expr DIVIDE expr
          expr ::= * expr MOD expr
          expr ::= * expr LSHIFT expr
          expr ::= * expr RSHIFT expr
          expr ::= * expr BITAND expr
          expr ::= * expr BITOR expr
          expr ::= * expr BITXOR expr
          expr ::= * PLUS expr
          expr ::= * MINUS expr
          expr ::= * BITNOT expr
          expr ::= BITNOT * expr

                          PLUS shift  24
                         MINUS shift  25
                          NAME shift  78
                        NUMBER shift  81
                        BITNOT shift  26
                          expr shift  67

State 27:
          expr ::= * NUMBER
          expr ::= * NAME
          expr ::= * expr PLUS expr
          expr ::= * expr MINUS expr
          expr ::= * expr MULTIPLY expr
          expr ::= * expr DIVIDE expr
          expr ::= * expr MOD expr
          expr ::= * expr LSHIFT expr
          expr ::= * expr RSHIFT expr
          expr ::= * expr BITAND expr
          expr ::= * expr BITOR expr
          expr ::= * expr BITXOR expr
          expr ::= * PLUS expr
          expr ::= * MINUS expr
          expr ::= * BITNOT expr
          lexpr ::= expr GT * expr

                          PLUS shift  24
                         MINUS shift  25
                          NAME shift  78
                        NUMBER shift  81
                        BITNOT shift  26
                          expr shift  37

State 28:
          exprList ::= exprList COMMA * expr
          expr ::= * NUMBER
          expr ::= * NAME
          expr ::= * expr PLUS expr
          expr ::= * expr MINUS expr
          expr ::= * expr MULTIPLY expr
          expr ::= * expr DIVIDE expr
          expr ::= * expr MOD expr
          expr ::= * expr LSHIFT expr
          expr ::= * expr RSHIFT expr
          expr ::= * expr BITAND expr
          expr ::= * expr BITOR expr
          expr ::= * expr BITXOR expr
          expr ::= * PLUS expr
          expr ::= * MINUS expr
          expr ::= * BITNOT expr

                          PLUS shift  24
                         MINUS shift  25
                          NAME shift  78
                        NUMBER shift  81
                        BITNOT shift  26
                          expr shift  41

State 29:
          expr ::= * NUMBER
          expr ::= * NAME
          expr ::= * expr PLUS expr
          expr ::= * expr MINUS expr
          expr ::= * expr MULTIPLY expr
          expr ::= * expr DIVIDE expr
          expr ::= * expr MOD expr
          expr ::= * expr LSHIFT expr
          expr ::= * expr RSHIFT expr
          expr ::= * expr BITAND expr
          expr ::= * expr BITOR expr
          expr ::= * expr BITXOR expr
          expr ::= * PLUS expr
          expr ::= * MINUS expr
          expr ::= * BITNOT expr
          lexpr ::= expr GE * expr

                          PLUS shift  24
                         MINUS shift  25
                          NAME shift  78
                        NUMBER shift  81
                        BITNOT shift  26
                          expr shift  35

State 30:
          expr ::= * NUMBER
          expr ::= * NAME
          expr ::= * expr PLUS expr
          expr ::= * expr MINUS expr
          expr ::= * expr MULTIPLY expr
          expr ::= * expr DIVIDE expr
          expr ::= * expr MOD expr
          expr ::= * expr LSHIFT expr
          expr ::= * expr RSHIFT expr
          expr ::= * expr BITAND expr
          expr ::= * expr BITOR expr
          expr ::= * expr BITXOR expr
          expr ::= * PLUS expr
          expr ::= * MINUS expr
          expr ::= * BITNOT expr
          lexpr ::= expr LT * expr

                          PLUS shift  24
                         MINUS shift  25
                          NAME shift  78
                        NUMBER shift  81
                        BITNOT shift  26
                          expr shift  39

State 31:
          expr ::= * NUMBER
          expr ::= * NAME
          expr ::= * expr PLUS expr
          expr ::= * expr MINUS expr
          expr ::= * expr MULTIPLY expr
          expr ::= * expr DIVIDE expr
          expr ::= * expr MOD expr
          expr ::= * expr LSHIFT expr
          expr ::= * expr RSHIFT expr
          expr ::= * expr BITAND expr
          expr ::= * expr BITOR expr
          expr ::= * expr BITXOR expr
          expr ::= * PLUS expr
          expr ::= * MINUS expr
          expr ::= * BITNOT expr
          lexpr ::= expr LE * expr

                          PLUS shift  24
                         MINUS shift  25
                          NAME shift  78
                        NUMBER shift  81
                        BITNOT shift  26
                          expr shift  38

State 32:
          expr ::= expr * PLUS expr
          expr ::= expr * MINUS expr
          expr ::= expr * MULTIPLY expr
          expr ::= expr * DIVIDE expr
          expr ::= expr * MOD expr
          expr ::= expr * LSHIFT expr
          expr ::= expr * RSHIFT expr
          expr ::= expr * BITAND expr
          expr ::= expr * BITOR expr
          expr ::= expr * BITXOR expr
          lexpr ::= expr * EQ expr
          lexpr ::= expr * NE expr
          lexpr ::= expr * LE expr
          lexpr ::= expr * LT expr
          lexpr ::= expr * GE expr
          lexpr ::= expr * GT expr

                            EQ shift  12
                            LE shift  31
                            LT shift  30
                            GE shift  29
                            GT shift  27
                            NE shift  13
                         BITOR shift  22
                        BITXOR shift  23
                        BITAND shift  21
                        LSHIFT shift  19
                        RSHIFT shift  20
                          PLUS shift  15
                         MINUS shift  16
                        DIVIDE shift  17
                      MULTIPLY shift  11
                           MOD shift  18

State 33:
          expr ::= expr * PLUS expr
          expr ::= expr * MINUS expr
          expr ::= expr * MULTIPLY expr
          expr ::= expr * DIVIDE expr
          expr ::= expr * MOD expr
          expr ::= expr * LSHIFT expr
          expr ::= expr * RSHIFT expr
          expr ::= expr * BITAND expr
          expr ::= expr * BITOR expr
          expr ::= expr * BITXOR expr
          stmt_assignSingle ::= NAME ASSIGN expr * SEMICOLON

                         BITOR shift  22
                        BITXOR shift  23
                        BITAND shift  21
                        LSHIFT shift  19
                        RSHIFT shift  20
                          PLUS shift  15
                         MINUS shift  16
                        DIVIDE shift  17
                      MULTIPLY shift  11
                           MOD shift  18
                     SEMICOLON shift  66

State 34:
          expr ::= expr * PLUS expr
          expr ::= expr * MINUS expr
          expr ::= expr * MULTIPLY expr
          expr ::= expr * DIVIDE expr
          expr ::= expr * MOD expr
          expr ::= expr * LSHIFT expr
          expr ::= expr * RSHIFT expr
          expr ::= expr * BITAND expr
          expr ::= expr * BITOR expr
          expr ::= expr * BITXOR expr
          stmt ::= expr * SEMICOLON

                         BITOR shift  22
                        BITXOR shift  23
                        BITAND shift  21
                        LSHIFT shift  19
                        RSHIFT shift  20
                          PLUS shift  15
                         MINUS shift  16
                        DIVIDE shift  17
                      MULTIPLY shift  11
                           MOD shift  18
                     SEMICOLON shift  63

State 35:
          expr ::= expr * PLUS expr
          expr ::= expr * MINUS expr
          expr ::= expr * MULTIPLY expr
          expr ::= expr * DIVIDE expr
          expr ::= expr * MOD expr
          expr ::= expr * LSHIFT expr
          expr ::= expr * RSHIFT expr
          expr ::= expr * BITAND expr
          expr ::= expr * BITOR expr
          expr ::= expr * BITXOR expr
     (24) lexpr ::= expr GE expr *

                         BITOR shift  22
                        BITXOR shift  23
                        BITAND shift  21
                        LSHIFT shift  19
                        RSHIFT shift  20
                          PLUS shift  15
                         MINUS shift  16
                        DIVIDE shift  17
                      MULTIPLY shift  11
                           MOD shift  18
                     {default} reduce 24

State 36:
      (3) exprList ::= expr *
          expr ::= expr * PLUS expr
          expr ::= expr * MINUS expr
          expr ::= expr * MULTIPLY expr
          expr ::= expr * DIVIDE expr
          expr ::= expr * MOD expr
          expr ::= expr * LSHIFT expr
          expr ::= expr * RSHIFT expr
          expr ::= expr * BITAND expr
          expr ::= expr * BITOR expr
          expr ::= expr * BITXOR expr

                         BITOR shift  22
                        BITXOR shift  23
                        BITAND shift  21
                        LSHIFT shift  19
                        RSHIFT shift  20
                          PLUS shift  15
                         MINUS shift  16
                        DIVIDE shift  17
                      MULTIPLY shift  11
                           MOD shift  18
                     {default} reduce 3

State 37:
          expr ::= expr * PLUS expr
          expr ::= expr * MINUS expr
          expr ::= expr * MULTIPLY expr
          expr ::= expr * DIVIDE expr
          expr ::= expr * MOD expr
          expr ::= expr * LSHIFT expr
          expr ::= expr * RSHIFT expr
          expr ::= expr * BITAND expr
          expr ::= expr * BITOR expr
          expr ::= expr * BITXOR expr
     (25) lexpr ::= expr GT expr *

                         BITOR shift  22
                        BITXOR shift  23
                        BITAND shift  21
                        LSHIFT shift  19
                        RSHIFT shift  20
                          PLUS shift  15
                         MINUS shift  16
                        DIVIDE shift  17
                      MULTIPLY shift  11
                           MOD shift  18
                     {default} reduce 25

State 38:
          expr ::= expr * PLUS expr
          expr ::= expr * MINUS expr
          expr ::= expr * MULTIPLY expr
          expr ::= expr * DIVIDE expr
          expr ::= expr * MOD expr
          expr ::= expr * LSHIFT expr
          expr ::= expr * RSHIFT expr
          expr ::= expr * BITAND expr
          expr ::= expr * BITOR expr
          expr ::= expr * BITXOR expr
     (22) lexpr ::= expr LE expr *

                         BITOR shift  22
                        BITXOR shift  23
                        BITAND shift  21
                        LSHIFT shift  19
                        RSHIFT shift  20
                          PLUS shift  15
                         MINUS shift  16
                        DIVIDE shift  17
                      MULTIPLY shift  11
                           MOD shift  18
                     {default} reduce 22

State 39:
          expr ::= expr * PLUS expr
          expr ::= expr * MINUS expr
          expr ::= expr * MULTIPLY expr
          expr ::= expr * DIVIDE expr
          expr ::= expr * MOD expr
          expr ::= expr * LSHIFT expr
          expr ::= expr * RSHIFT expr
          expr ::= expr * BITAND expr
          expr ::= expr * BITOR expr
          expr ::= expr * BITXOR expr
     (23) lexpr ::= expr LT expr *

                         BITOR shift  22
                        BITXOR shift  23
                        BITAND shift  21
                        LSHIFT shift  19
                        RSHIFT shift  20
                          PLUS shift  15
                         MINUS shift  16
                        DIVIDE shift  17
                      MULTIPLY shift  11
                           MOD shift  18
                     {default} reduce 23

State 40:
          expr ::= expr * PLUS expr
          expr ::= expr * MINUS expr
          expr ::= expr * MULTIPLY expr
          expr ::= expr * DIVIDE expr
          expr ::= expr * MOD expr
          expr ::= expr * LSHIFT expr
          expr ::= expr * RSHIFT expr
          expr ::= expr * BITAND expr
          expr ::= expr * BITOR expr
          expr ::= expr * BITXOR expr
     (20) lexpr ::= expr EQ expr *

                         BITOR shift  22
                        BITXOR shift  23
                        BITAND shift  21
                        LSHIFT shift  19
                        RSHIFT shift  20
                          PLUS shift  15
                         MINUS shift  16
                        DIVIDE shift  17
                      MULTIPLY shift  11
                           MOD shift  18
                     {default} reduce 20

State 41:
      (4) exprList ::= exprList COMMA expr *
          expr ::= expr * PLUS expr
          expr ::= expr * MINUS expr
          expr ::= expr * MULTIPLY expr
          expr ::= expr * DIVIDE expr
          expr ::= expr * MOD expr
          expr ::= expr * LSHIFT expr
          expr ::= expr * RSHIFT expr
          expr ::= expr * BITAND expr
          expr ::= expr * BITOR expr
          expr ::= expr * BITXOR expr

                         BITOR shift  22
                        BITXOR shift  23
                        BITAND shift  21
                        LSHIFT shift  19
                        RSHIFT shift  20
                          PLUS shift  15
                         MINUS shift  16
                        DIVIDE shift  17
                      MULTIPLY shift  11
                           MOD shift  18
                     {default} reduce 4

State 42:
          expr ::= expr * PLUS expr
          expr ::= expr * MINUS expr
          expr ::= expr * MULTIPLY expr
          expr ::= expr * DIVIDE expr
          expr ::= expr * MOD expr
          expr ::= expr * LSHIFT expr
          expr ::= expr * RSHIFT expr
          expr ::= expr * BITAND expr
          expr ::= expr * BITOR expr
          expr ::= expr * BITXOR expr
     (21) lexpr ::= expr NE expr *

                         BITOR shift  22
                        BITXOR shift  23
                        BITAND shift  21
                        LSHIFT shift  19
                        RSHIFT shift  20
                          PLUS shift  15
                         MINUS shift  16
                        DIVIDE shift  17
                      MULTIPLY shift  11
                           MOD shift  18
                     {default} reduce 21

State 43:
          expr ::= expr * PLUS expr
          expr ::= expr * MINUS expr
          expr ::= expr * MULTIPLY expr
          expr ::= expr * DIVIDE expr
          expr ::= expr * MOD expr
          expr ::= expr * LSHIFT expr
          expr ::= expr * RSHIFT expr
          expr ::= expr * BITAND expr
          expr ::= expr * BITOR expr
     (15) expr ::= expr BITOR expr *
          expr ::= expr * BITXOR expr

                        BITXOR shift  23
                        BITAND shift  21
                        LSHIFT shift  19
                        RSHIFT shift  20
                          PLUS shift  15
                         MINUS shift  16
                        DIVIDE shift  17
                      MULTIPLY shift  11
                           MOD shift  18
                     {default} reduce 15

State 44:
          expr ::= expr * PLUS expr
          expr ::= expr * MINUS expr
          expr ::= expr * MULTIPLY expr
          expr ::= expr * DIVIDE expr
          expr ::= expr * MOD expr
          expr ::= expr * LSHIFT expr
          expr ::= expr * RSHIFT expr
          expr ::= expr * BITAND expr
          expr ::= expr * BITOR expr
          expr ::= expr * BITXOR expr
     (16) expr ::= expr BITXOR expr *

                        BITAND shift  21
                        LSHIFT shift  19
                        RSHIFT shift  20
                          PLUS shift  15
                         MINUS shift  16
                        DIVIDE shift  17
                      MULTIPLY shift  11
                           MOD shift  18
                     {default} reduce 16

State 45:
          expr ::= expr * PLUS expr
          expr ::= expr * MINUS expr
          expr ::= expr * MULTIPLY expr
          expr ::= expr * DIVIDE expr
          expr ::= expr * MOD expr
          expr ::= expr * LSHIFT expr
          expr ::= expr * RSHIFT expr
          expr ::= expr * BITAND expr
     (14) expr ::= expr BITAND expr *
          expr ::= expr * BITOR expr
          expr ::= expr * BITXOR expr

                        LSHIFT shift  19
                        RSHIFT shift  20
                          PLUS shift  15
                         MINUS shift  16
                        DIVIDE shift  17
                      MULTIPLY shift  11
                           MOD shift  18
                     {default} reduce 14

State 46:
          expr ::= expr * PLUS expr
          expr ::= expr * MINUS expr
          expr ::= expr * MULTIPLY expr
          expr ::= expr * DIVIDE expr
          expr ::= expr * MOD expr
          expr ::= expr * LSHIFT expr
     (12) expr ::= expr LSHIFT expr *
          expr ::= expr * RSHIFT expr
          expr ::= expr * BITAND expr
          expr ::= expr * BITOR expr
          expr ::= expr * BITXOR expr

                          PLUS shift  15
                         MINUS shift  16
                        DIVIDE shift  17
                      MULTIPLY shift  11
                           MOD shift  18
                     {default} reduce 12

State 47:
          expr ::= expr * PLUS expr
          expr ::= expr * MINUS expr
          expr ::= expr * MULTIPLY expr
          expr ::= expr * DIVIDE expr
          expr ::= expr * MOD expr
          expr ::= expr * LSHIFT expr
          expr ::= expr * RSHIFT expr
     (13) expr ::= expr RSHIFT expr *
          expr ::= expr * BITAND expr
          expr ::= expr * BITOR expr
          expr ::= expr * BITXOR expr

                          PLUS shift  15
                         MINUS shift  16
                        DIVIDE shift  17
                      MULTIPLY shift  11
                           MOD shift  18
                     {default} reduce 13

State 48:
          lexpr ::= lexpr * LAND lexpr
          lexpr ::= lexpr * LOR lexpr
          if_header ::= if_start LPAREN lexpr * RPAREN

                           LOR shift  7
                          LAND shift  6
                        RPAREN shift  77

State 49:
          expr ::= expr * PLUS expr
          expr ::= expr * MINUS expr
      (8) expr ::= expr MINUS expr *
          expr ::= expr * MULTIPLY expr
          expr ::= expr * DIVIDE expr
          expr ::= expr * MOD expr
          expr ::= expr * LSHIFT expr
          expr ::= expr * RSHIFT expr
          expr ::= expr * BITAND expr
          expr ::= expr * BITOR expr
          expr ::= expr * BITXOR expr

                        DIVIDE shift  17
                      MULTIPLY shift  11
                           MOD shift  18
                     {default} reduce 8

State 50:
          expr ::= expr * PLUS expr
      (7) expr ::= expr PLUS expr *
          expr ::= expr * MINUS expr
          expr ::= expr * MULTIPLY expr
          expr ::= expr * DIVIDE expr
          expr ::= expr * MOD expr
          expr ::= expr * LSHIFT expr
          expr ::= expr * RSHIFT expr
          expr ::= expr * BITAND expr
          expr ::= expr * BITOR expr
          expr ::= expr * BITXOR expr

                        DIVIDE shift  17
                      MULTIPLY shift  11
                           MOD shift  18
                     {default} reduce 7

State 51:
          nameList ::= NAME * COMMA NAME
      (6) expr ::= NAME *
          stmt_assignSingle ::= NAME * ASSIGN expr SEMICOLON

                         COMMA shift  56
                        ASSIGN shift  14
                     {default} reduce 6

State 52:
          block ::= LBRACKET error * RBRACKET
          stmt ::= error * SEMICOLON

                     SEMICOLON shift  84
                      RBRACKET shift  83

State 53:
          nameList ::= nameList * COMMA NAME
          stmt_assignMulti ::= nameList * ASSIGN exprList SEMICOLON

                         COMMA shift  57
                        ASSIGN shift  10

State 54:
          exprList ::= exprList * COMMA expr
          stmt_assignMulti ::= nameList ASSIGN exprList * SEMICOLON

                         COMMA shift  28
                     SEMICOLON shift  64

State 55:
     (38) if_stmt ::= if_header stmt *
          else_header ::= if_header stmt * ELSE

                          ELSE shift  80
                     {default} reduce 38

State 56:
          nameList ::= NAME COMMA * NAME

                          NAME shift  79

State 57:
          nameList ::= nameList COMMA * NAME

                          NAME shift  65

State 58:
          if_header ::= if_start * LPAREN lexpr RPAREN

                        LPAREN shift  8

State 59:
          lexpr ::= lexpr * LAND lexpr
          lexpr ::= lexpr * LOR lexpr
     (27) lexpr ::= lexpr LOR lexpr *

                          LAND shift  6
                     {default} reduce 27

State 60:
      (0) program ::= stmt *

                             $ reduce 0

State 61:
          stmt ::= error * SEMICOLON

                     SEMICOLON shift  84

State 62:
     (33) stmtList ::= stmtList stmt *

                     {default} reduce 33

State 63:
     (42) stmt ::= expr SEMICOLON *

                     {default} reduce 42

State 64:
     (31) stmt_assignMulti ::= nameList ASSIGN exprList SEMICOLON *

                     {default} reduce 31

State 65:
      (2) nameList ::= nameList COMMA NAME *

                     {default} reduce 2

State 66:
     (30) stmt_assignSingle ::= NAME ASSIGN expr SEMICOLON *

                     {default} reduce 30

State 67:
          expr ::= expr * PLUS expr
          expr ::= expr * MINUS expr
          expr ::= expr * MULTIPLY expr
          expr ::= expr * DIVIDE expr
          expr ::= expr * MOD expr
          expr ::= expr * LSHIFT expr
          expr ::= expr * RSHIFT expr
          expr ::= expr * BITAND expr
          expr ::= expr * BITOR expr
          expr ::= expr * BITXOR expr
     (19) expr ::= BITNOT expr *

                     {default} reduce 19

State 68:
          expr ::= expr * PLUS expr
          expr ::= expr * MINUS expr
          expr ::= expr * MULTIPLY expr
          expr ::= expr * DIVIDE expr
          expr ::= expr * MOD expr
          expr ::= expr * LSHIFT expr
          expr ::= expr * RSHIFT expr
          expr ::= expr * BITAND expr
          expr ::= expr * BITOR expr
          expr ::= expr * BITXOR expr
     (18) expr ::= MINUS expr *

                     {default} reduce 18

State 69:
          expr ::= expr * PLUS expr
          expr ::= expr * MINUS expr
          expr ::= expr * MULTIPLY expr
          expr ::= expr * DIVIDE expr
          expr ::= expr * MOD expr
          expr ::= expr * LSHIFT expr
          expr ::= expr * RSHIFT expr
          expr ::= expr * BITAND expr
          expr ::= expr * BITOR expr
          expr ::= expr * BITXOR expr
     (17) expr ::= PLUS expr *

                     {default} reduce 17

State 70:
          lexpr ::= lexpr * LAND lexpr
     (26) lexpr ::= lexpr LAND lexpr *
          lexpr ::= lexpr * LOR lexpr

                     {default} reduce 26

State 71:
          expr ::= expr * PLUS expr
          expr ::= expr * MINUS expr
          expr ::= expr * MULTIPLY expr
          expr ::= expr * DIVIDE expr
          expr ::= expr * MOD expr
     (11) expr ::= expr MOD expr *
          expr ::= expr * LSHIFT expr
          expr ::= expr * RSHIFT expr
          expr ::= expr * BITAND expr
          expr ::= expr * BITOR expr
          expr ::= expr * BITXOR expr

                     {default} reduce 11

State 72:
     (46) stmt ::= block *

                     {default} reduce 46

State 73:
          expr ::= expr * PLUS expr
          expr ::= expr * MINUS expr
          expr ::= expr * MULTIPLY expr
          expr ::= expr * DIVIDE expr
     (10) expr ::= expr DIVIDE expr *
          expr ::= expr * MOD expr
          expr ::= expr * LSHIFT expr
          expr ::= expr * RSHIFT expr
          expr ::= expr * BITAND expr
          expr ::= expr * BITOR expr
          expr ::= expr * BITXOR expr

                     {default} reduce 10

State 74:
          lexpr ::= lexpr * LAND lexpr
          lexpr ::= lexpr * LOR lexpr
     (28) lexpr ::= LNOT lexpr *

                     {default} reduce 28

State 75:
          expr ::= expr * PLUS expr
          expr ::= expr * MINUS expr
          expr ::= expr * MULTIPLY expr
      (9) expr ::= expr MULTIPLY expr *
          expr ::= expr * DIVIDE expr
          expr ::= expr * MOD expr
          expr ::= expr * LSHIFT expr
          expr ::= expr * RSHIFT expr
          expr ::= expr * BITAND expr
          expr ::= expr * BITOR expr
          expr ::= expr * BITXOR expr

                     {default} reduce 9

State 76:
          lexpr ::= lexpr * LAND lexpr
          lexpr ::= lexpr * LOR lexpr
     (28) lexpr ::= LNOT lexpr *
     (29) lexpr ::= LNOT LNOT lexpr *

                     {default} reduce 29

State 77:
     (37) if_header ::= if_start LPAREN lexpr RPAREN *

                     {default} reduce 37

State 78:
      (6) expr ::= NAME *

                     {default} reduce 6

State 79:
      (1) nameList ::= NAME COMMA NAME *

                     {default} reduce 1

State 80:
     (39) else_header ::= if_header stmt ELSE *

                     {default} reduce 39

State 81:
      (5) expr ::= NUMBER *

                     {default} reduce 5

State 82:
     (40) if_stmt ::= else_header stmt *

                     {default} reduce 40

State 83:
     (35) block ::= LBRACKET error RBRACKET *

                     {default} reduce 35

State 84:
     (41) stmt ::= error SEMICOLON *

                     {default} reduce 41

State 85:
     (43) stmt ::= stmt_assignMulti *

                     {default} reduce 43

State 86:
     (44) stmt ::= stmt_assignSingle *

                     {default} reduce 44

State 87:
     (45) stmt ::= if_stmt *

                     {default} reduce 45

State 88:
     (36) if_start ::= IF *

                     {default} reduce 36

State 89:
     (34) block ::= LBRACKET stmtList RBRACKET *

                     {default} reduce 34

State 90:
     (32) stmtList ::= stmt *

                     {default} reduce 32

----------------------------------------------------
Symbols:
    0: $:
    1: COMMA
    2: ASSIGN
    3: LOR
    4: LAND
    5: LNOT
    6: DOUBLE_LNOT
    7: EQ
    8: LE
    9: LT
   10: GE
   11: GT
   12: NE
   13: BITOR
   14: BITXOR
   15: BITAND
   16: LSHIFT
   17: RSHIFT
   18: PLUS
   19: MINUS
   20: DIVIDE
   21: MULTIPLY
   22: MOD
   23: UNARY
   24: IFX
   25: IFNOT
   26: ELSE
   27: NAME
   28: NUMBER
   29: BITNOT
   30: SEMICOLON
   31: LBRACKET
   32: RBRACKET
   33: IF
   34: LPAREN
   35: RPAREN
   36: error:
   37: nt:
   38: program: PLUS MINUS NAME NUMBER BITNOT LBRACKET IF
   39: stmt: PLUS MINUS NAME NUMBER BITNOT LBRACKET IF
   40: nameList: NAME
   41: exprList: PLUS MINUS NAME NUMBER BITNOT
   42: expr: PLUS MINUS NAME NUMBER BITNOT
   43: lexpr: LNOT PLUS MINUS NAME NUMBER BITNOT
   44: stmt_assignSingle: NAME
   45: stmt_assignMulti: NAME
   46: stmtList: PLUS MINUS NAME NUMBER BITNOT LBRACKET IF
   47: block: LBRACKET
   48: if_start: IF
   49: if_header: IF
   50: if_stmt: IF
   51: else_header: IF
